2025-03-06T18:00:12.463Z [INFO]: Server running in development mode on port 4000 
2025-03-06T18:00:17.014Z [INFO]: Created default admin user 
2025-03-06T18:00:18.022Z [INFO]: Server running in development mode on port 4000 
2025-03-06T19:32:34.590Z [INFO]: Server running in development mode on port 4000 
2025-03-06T19:33:27.438Z [ERROR]: Error: ENOENT: no such file or directory, scandir 'C:\Users\prati\Downloads\Projects\ussd-framework\admin\src\flows' 
2025-03-06T19:33:27.449Z [ERROR]: Error: ENOENT: no such file or directory, scandir 'C:\Users\prati\Downloads\Projects\ussd-framework\admin\src\flows' 
2025-03-06T20:05:01.799Z [INFO]: Server running in development mode on port 4000 
2025-03-06T20:05:46.315Z [ERROR]: Error: ENOENT: no such file or directory, scandir 'C:\Users\prati\Downloads\Projects\ussd-framework\admin\src\flows' 
2025-03-06T20:05:46.322Z [ERROR]: Error: ENOENT: no such file or directory, scandir 'C:\Users\prati\Downloads\Projects\ussd-framework\admin\src\flows' 
2025-03-06T20:05:56.051Z [ERROR]: Error: ENOENT: no such file or directory, scandir 'C:\Users\prati\Downloads\Projects\ussd-framework\admin\src\flows' 
2025-03-06T20:05:56.057Z [ERROR]: Error: ENOENT: no such file or directory, scandir 'C:\Users\prati\Downloads\Projects\ussd-framework\admin\src\flows' 
2025-03-06T20:07:35.350Z [INFO]: Server running in development mode on port 4000 
2025-03-06T20:07:37.188Z [INFO]: Server running in development mode on port 4000 
2025-03-06T20:07:44.129Z [ERROR]: Error: ENOENT: no such file or directory, scandir 'C:\Users\prati\Downloads\Projects\ussd-framework\admin\server\src\flows' 
2025-03-06T20:07:44.135Z [ERROR]: Error: ENOENT: no such file or directory, scandir 'C:\Users\prati\Downloads\Projects\ussd-framework\admin\server\src\flows' 
2025-03-06T20:08:04.946Z [INFO]: Server running in development mode on port 4000 
2025-03-06T20:08:08.909Z [ERROR]: Error: ENOENT: no such file or directory, scandir 'C:\Users\prati\Downloads\Projects\ussd-framework\admin\src\flows' 
2025-03-06T20:08:08.933Z [ERROR]: Error: ENOENT: no such file or directory, scandir 'C:\Users\prati\Downloads\Projects\ussd-framework\admin\src\flows' 
2025-03-06T20:09:10.470Z [INFO]: Server running in development mode on port 4000 
2025-03-06T20:09:14.659Z [ERROR]: Error: ENOENT: no such file or directory, scandir 'C:\Users\prati\Downloads\Projects\ussd-framework\admin\server\src\flows' 
2025-03-06T20:09:14.664Z [ERROR]: Error: ENOENT: no such file or directory, scandir 'C:\Users\prati\Downloads\Projects\ussd-framework\admin\server\src\flows' 
2025-03-06T20:09:22.778Z [INFO]: Server running in development mode on port 4000 
2025-03-06T20:09:25.894Z [ERROR]: Error: ENOENT: no such file or directory, scandir 'C:\Users\prati\Downloads\Projects\src\flows' 
2025-03-06T20:09:25.900Z [ERROR]: Error: ENOENT: no such file or directory, scandir 'C:\Users\prati\Downloads\Projects\src\flows' 
2025-03-06T20:09:38.441Z [INFO]: Server running in development mode on port 4000 
2025-03-06T20:09:41.546Z [ERROR]: Error: ENOENT: no such file or directory, scandir 'C:\Users\prati\Downloads\Projects\ussd-framework\admin\server\src\flows' 
2025-03-06T20:09:41.551Z [ERROR]: Error: ENOENT: no such file or directory, scandir 'C:\Users\prati\Downloads\Projects\ussd-framework\admin\server\src\flows' 
2025-03-06T20:12:40.666Z [INFO]: Server running in development mode on port 4000 
2025-03-06T20:13:20.429Z [INFO]: Server running in development mode on port 4000 
2025-03-06T20:13:22.495Z [INFO]: Server running in development mode on port 4000 
2025-03-06T20:15:56.261Z [INFO]: Server running in development mode on port 4000 
2025-03-06T20:16:05.082Z [ERROR]: Error: ENOENT: no such file or directory, scandir 'C:\Users\prati\Downloads\Projects\ussd-framework\admin\src\flows' 
2025-03-06T20:16:05.088Z [ERROR]: Error: ENOENT: no such file or directory, scandir 'C:\Users\prati\Downloads\Projects\ussd-framework\admin\src\flows' 
2025-03-06T20:16:53.991Z [ERROR]: Error: ENOENT: no such file or directory, scandir 'C:\Users\prati\Downloads\Projects\ussd-framework\admin\src\flows' 
2025-03-06T20:16:53.995Z [ERROR]: Error: ENOENT: no such file or directory, scandir 'C:\Users\prati\Downloads\Projects\ussd-framework\admin\src\flows' 
2025-03-06T20:17:34.368Z [INFO]: Server running in development mode on port 4000 
2025-03-06T20:17:38.731Z [ERROR]: Error: ENOENT: no such file or directory, scandir 'C:\Users\prati\Downloads\Projects\ussd-framework\admin\server\src\flows' 
2025-03-06T20:17:38.738Z [ERROR]: Error: ENOENT: no such file or directory, scandir 'C:\Users\prati\Downloads\Projects\ussd-framework\admin\server\src\flows' 
2025-03-06T20:19:56.533Z [INFO]: Server running in development mode on port 4000 
2025-03-06T20:20:01.727Z [ERROR]: Error: ENOENT: no such file or directory, scandir 'C:\Users\prati\Downloads\Projects\ussd-framework\admin\server\src\flows' 
2025-03-06T20:20:01.733Z [ERROR]: Error: ENOENT: no such file or directory, scandir 'C:\Users\prati\Downloads\Projects\ussd-framework\admin\server\src\flows' 
2025-03-06T20:22:17.232Z [INFO]: Server running in development mode on port 4000 
